<?xml version="1.0" encoding="UTF-8"?>
<!-- Generated by org.testng.reporters.JUnitReportReporter -->
<testsuite hostname="LAPTOP-LULDE715" failures="0" tests="3" name="tests.LoginFailedTest" time="41.425" errors="0" timestamp="2023-01-28T13:40:08 IST" skipped="0">
  <testcase classname="tests.LoginFailedTest" name="tc02_failedLogin" time="13.912"/>
  <system-out/>
  <testcase classname="tests.LoginFailedTest" name="tc02_failedLogin" time="13.615"/>
  <system-out/>
  <testcase classname="tests.LoginFailedTest" name="tc02_failedLogin" time="13.898"/>
  <system-out/>
</testsuite> <!-- tests.LoginFailedTest -->
