<?xml version="1.0" encoding="UTF-8"?>
<!-- Generated by org.testng.reporters.JUnitReportReporter -->
<testsuite hostname="LAPTOP-LULDE715" failures="0" tests="5" name="tests.FailedLoginTest" time="45.231" errors="0" timestamp="2023-09-20T13:52:13 IDT" skipped="0">
  <testcase classname="tests.FailedLoginTest" name="tc01_failedLogin" time="8.702"/>
  <system-out/>
  <testcase classname="tests.FailedLoginTest" name="tc01_failedLogin" time="10.339"/>
  <system-out/>
  <testcase classname="tests.FailedLoginTest" name="tc03_failedLogin" time="8.703"/>
  <system-out/>
  <testcase classname="tests.FailedLoginTest" name="tc01_failedLogin" time="8.787"/>
  <system-out/>
  <testcase classname="tests.FailedLoginTest" name="tc02_failedLogin" time="8.700"/>
  <system-out/>
</testsuite> <!-- tests.FailedLoginTest -->
