<?xml version="1.0" encoding="UTF-8"?>
<!-- Generated by org.testng.reporters.JUnitReportReporter -->
<testsuite hostname="LAPTOP-LULDE715" failures="0" tests="1" name="tests.LoginTest" time="2.859" errors="0" timestamp="2023-09-20T14:54:51 IDT" skipped="0">
  <testcase classname="tests.LoginTest" name="tc01_login" time="2.859"/>
  <system-out/>
</testsuite> <!-- tests.LoginTest -->
