<?xml version="1.0" encoding="UTF-8"?>
<!-- Generated by org.testng.reporters.JUnitReportReporter -->
<testsuite hostname="LAPTOP-LULDE715" failures="0" tests="1" name="tests.ProjectOptionTest" time="14.408" errors="0" timestamp="2023-02-08T18:36:43 IST" skipped="0">
  <testcase classname="tests.ProjectOptionTest" name="tc01_projectOptionsList" time="14.408"/>
  <system-out/>
</testsuite> <!-- tests.ProjectOptionTest -->
