<?xml version="1.0" encoding="UTF-8"?>
<!-- Generated by org.testng.reporters.JUnitReportReporter -->
<testsuite hostname="LAPTOP-LULDE715" failures="0" tests="1" name="tests.ProjectsTest" time="58.442" errors="0" timestamp="2023-07-26T21:03:01 IDT" skipped="0">
  <testcase classname="tests.ProjectsTest" name="tc01_addNewProject" time="58.442"/>
  <system-out/>
</testsuite> <!-- tests.ProjectsTest -->
