<?xml version="1.0" encoding="UTF-8"?>
<!-- Generated by org.testng.reporters.JUnitReportReporter -->
<testsuite hostname="LAPTOP-LULDE715" failures="0" tests="1" name="tests.ProjectsTest" time="2.813" errors="0" timestamp="2023-09-20T17:13:06 IDT" skipped="0">
  <testcase classname="tests.ProjectsTest" name="tc02_searchProject" time="2.813"/>
  <system-out/>
</testsuite> <!-- tests.ProjectsTest -->
