<?xml version="1.0" encoding="UTF-8"?>
<!-- Generated by org.testng.reporters.JUnitReportReporter -->
<testsuite hostname="LAPTOP-LULDE715" failures="0" tests="2" name="tests.WorkspacesTest" time="38.268" errors="0" timestamp="2023-09-20T13:52:13 IDT" skipped="0">
  <testcase classname="tests.WorkspacesTest" name="tc02_deleteWorkspace" time="28.764"/>
  <system-out/>
  <testcase classname="tests.WorkspacesTest" name="tc01_addNewWorkspace" time="9.504"/>
  <system-out/>
</testsuite> <!-- tests.WorkspacesTest -->
