<?xml version="1.0" encoding="UTF-8"?>
<!-- Generated by org.testng.reporters.JUnitReportReporter -->
<testsuite hostname="LAPTOP-LULDE715" failures="0" tests="2" name="tests.SortTest" time="2.734" errors="0" timestamp="2023-09-20T13:52:13 IDT" skipped="0">
  <testcase classname="tests.SortTest" name="tc01_sortByNameAsc" time="1.409"/>
  <system-out/>
  <testcase classname="tests.SortTest" name="tc02_sortByNameDesc" time="1.325"/>
  <system-out/>
</testsuite> <!-- tests.SortTest -->
