<?xml version="1.0" encoding="UTF-8"?>
<!-- Generated by org.testng.reporters.JUnitReportReporter -->
<testsuite hostname="LAPTOP-LULDE715" failures="0" tests="1" name="tests.LoginTest" time="2.476" errors="0" timestamp="2023-06-27T19:26:58 IDT" skipped="0">
  <testcase classname="tests.LoginTest" name="tc01_Login" time="2.476"/>
  <system-out/>
</testsuite> <!-- tests.LoginTest -->
