<?xml version="1.0" encoding="UTF-8"?>
<!-- Generated by org.testng.reporters.JUnitReportReporter -->
<testsuite skipped="0" hostname="LAPTOP-LULDE715" name="tests.WorkspacesTest" tests="2" failures="0" timestamp="2023-09-21T12:41:57 IDT" time="42.330" errors="0">
  <testcase name="tc02_deleteWorkspace" time="31.780" classname="tests.WorkspacesTest"/>
  <system-out/>
  <testcase name="tc01_addNewWorkspace" time="10.550" classname="tests.WorkspacesTest"/>
  <system-out/>
</testsuite> <!-- tests.WorkspacesTest -->
