<?xml version="1.0" encoding="UTF-8"?>
<!-- Generated by org.testng.reporters.JUnitReportReporter -->
<testsuite skipped="0" hostname="LAPTOP-LULDE715" name="tests.LoginTest" tests="1" failures="0" timestamp="2023-09-21T12:41:57 IDT" time="2.612" errors="0">
  <testcase name="tc01_login" time="2.612" classname="tests.LoginTest"/>
  <system-out/>
</testsuite> <!-- tests.LoginTest -->
