<?xml version="1.0" encoding="UTF-8"?>
<!-- Generated by org.testng.reporters.JUnitReportReporter -->
<testsuite skipped="0" hostname="LAPTOP-LULDE715" name="tests.FailedLoginTest" tests="5" failures="0" timestamp="2023-07-26T21:12:51 IDT" time="36.369" errors="0">
  <testcase name="tc01_failedLogin" time="6.611" classname="tests.FailedLoginTest"/>
  <system-out/>
  <testcase name="tc02_failedLogin" time="6.579" classname="tests.FailedLoginTest"/>
  <system-out/>
  <testcase name="tc01_failedLogin" time="6.635" classname="tests.FailedLoginTest"/>
  <system-out/>
  <testcase name="tc03_failedLogin" time="6.606" classname="tests.FailedLoginTest"/>
  <system-out/>
  <testcase name="tc01_failedLogin" time="9.938" classname="tests.FailedLoginTest"/>
  <system-out/>
</testsuite> <!-- tests.FailedLoginTest -->
