<?xml version="1.0" encoding="UTF-8"?>
<!-- Generated by org.testng.reporters.JUnitReportReporter -->
<testsuite skipped="0" hostname="LAPTOP-LULDE715" name="tests.FailedLoginTest" tests="5" failures="0" timestamp="2023-09-21T12:41:57 IDT" time="47.389" errors="0">
  <testcase name="tc01_failedLogin" time="10.843" classname="tests.FailedLoginTest"/>
  <system-out/>
  <testcase name="tc01_failedLogin" time="9.130" classname="tests.FailedLoginTest"/>
  <system-out/>
  <testcase name="tc03_failedLogin" time="9.088" classname="tests.FailedLoginTest"/>
  <system-out/>
  <testcase name="tc01_failedLogin" time="9.213" classname="tests.FailedLoginTest"/>
  <system-out/>
  <testcase name="tc02_failedLogin" time="9.115" classname="tests.FailedLoginTest"/>
  <system-out/>
</testsuite> <!-- tests.FailedLoginTest -->
