<?xml version="1.0" encoding="UTF-8"?>
<!-- Generated by org.testng.reporters.JUnitReportReporter -->
<testsuite skipped="0" hostname="LAPTOP-LULDE715" name="tests.SortTest" tests="2" failures="0" timestamp="2023-09-21T12:41:57 IDT" time="3.359" errors="0">
  <testcase name="tc02_sortByNameDesc" time="1.689" classname="tests.SortTest"/>
  <system-out/>
  <testcase name="tc01_sortByNameAsc" time="1.670" classname="tests.SortTest"/>
  <system-out/>
</testsuite> <!-- tests.SortTest -->
