<?xml version="1.0" encoding="UTF-8"?>
<!-- Generated by org.testng.reporters.JUnitReportReporter -->
<testsuite skipped="0" hostname="LAPTOP-LULDE715" name="tests.SortTest" tests="2" failures="0" timestamp="2023-07-26T21:12:51 IDT" time="2.832" errors="0">
  <testcase name="tc01_sortByNameAsc" time="1.464" classname="tests.SortTest"/>
  <system-out/>
  <testcase name="tc02_sortByNameDesc" time="1.368" classname="tests.SortTest"/>
  <system-out/>
</testsuite> <!-- tests.SortTest -->
