<?xml version="1.0" encoding="UTF-8"?>
<!-- Generated by org.testng.reporters.JUnitReportReporter -->
<testsuite skipped="0" hostname="LAPTOP-LULDE715" name="tests.ProjectsTest" tests="2" failures="0" timestamp="2023-09-21T12:41:57 IDT" time="53.269" errors="0">
  <testcase name="tc02_searchProject" time="2.747" classname="tests.ProjectsTest"/>
  <system-out/>
  <testcase name="tc01_addNewProject" time="50.522" classname="tests.ProjectsTest"/>
  <system-out/>
</testsuite> <!-- tests.ProjectsTest -->
