<?xml version="1.0" encoding="UTF-8"?>
<!-- Generated by org.testng.reporters.JUnitReportReporter -->
<testsuite skipped="0" hostname="LAPTOP-LULDE715" name="tests.LoginTest" tests="1" failures="0" timestamp="2023-07-26T21:12:51 IDT" time="1.523" errors="0">
  <testcase name="tc01_Login" time="1.523" classname="tests.LoginTest"/>
  <system-out/>
</testsuite> <!-- tests.LoginTest -->
