<?xml version="1.0" encoding="UTF-8"?>
<!-- Generated by org.testng.reporters.JUnitReportReporter -->
<testsuite skipped="0" hostname="LAPTOP-LULDE715" name="tests.ProjectsTest" tests="2" failures="0" timestamp="2023-07-26T21:12:51 IDT" time="120.032" errors="0">
  <testcase name="tc02_searchProject" time="59.263" classname="tests.ProjectsTest"/>
  <system-out/>
  <testcase name="tc01_addNewProject" time="60.769" classname="tests.ProjectsTest"/>
  <system-out/>
</testsuite> <!-- tests.ProjectsTest -->
